PREDATOR MOMENTUM - BUILD TEST RESULTS 
Build Date: Sat 10/11/2025 18:43:17.19 
 
[FAIL] predator_government.fap - BUILD FAILED 
[FAIL] predator_wifi.fap - BUILD FAILED 
[FAIL] predator_car.fap - BUILD FAILED 
[FAIL] predator_tesla.fap - BUILD FAILED 
[FAIL] predator_bluetooth.fap - BUILD FAILED 
[FAIL] predator_rfid.fap - BUILD FAILED 
[FAIL] predator_subghz.fap - BUILD FAILED 
[FAIL] predator_infrastructure.fap - BUILD FAILED 
[FAIL] predator_casino.fap - BUILD FAILED 
[FAIL] predator_network.fap - BUILD FAILED 
[FAIL] predator_crypto.fap - BUILD FAILED 
 
HARDWARE FUNCTIONALITY VALIDATION: 
[PASS] Real SubGHz hardware calls found 
[PASS] Real async TX calls found 
[OVERALL] BUILD FAILURE - Only 0/11 apps built 
